<?xml version="1.0" encoding="UTF-8"?>
<testsuite xmlns:xsi="http://www.w3.org/2001/XMLSchema-instance" xsi:noNamespaceSchemaLocation="https://maven.apache.org/surefire/maven-surefire-plugin/xsd/surefire-test-report.xsd" name="pl.krzysztof.piasecki.homework.api.BookEndpointsTests" time="3.413" tests="5" errors="0" skipped="0" failures="0">
  <properties>
[...]
</properties>
  <testcase name="getBooksByPageNumber" classname="pl.krzysztof.piasecki.homework.api.BookEndpointsTests" time="1.165"/>
  <testcase name="getAuthorsRatings" classname="pl.krzysztof.piasecki.homework.api.BookEndpointsTests" time="0.071"/>
  <testcase name="getBooksByReadingSkills" classname="pl.krzysztof.piasecki.homework.api.BookEndpointsTests" time="0.069"/>
  <testcase name="getBookByIsbn" classname="pl.krzysztof.piasecki.homework.api.BookEndpointsTests" time="0.125"/>
  <testcase name="getBookByCategory" classname="pl.krzysztof.piasecki.homework.api.BookEndpointsTests" time="0.042"/>
</testsuite>